<?xml version="1.0" encoding="UTF-8"?>
<testsuite xmlns:xsi="http://www.w3.org/2001/XMLSchema-instance" xsi:noNamespaceSchemaLocation="https://maven.apache.org/surefire/maven-surefire-plugin/xsd/surefire-test-report.xsd" name="AccountTest" time="0.401" tests="14" errors="0" skipped="0" failures="0">
  <properties>
[...]
</properties>
  <testcase name="checkNameToEmbossTest[0]" classname="AccountTest" time="0.212"/>
  <testcase name="checkNameToEmbossTest[1]" classname="AccountTest" time="0.002"/>
  <testcase name="checkNameToEmbossTest[2]" classname="AccountTest" time="0.002"/>
  <testcase name="checkNameToEmbossTest[3]" classname="AccountTest" time="0.003"/>
  <testcase name="checkNameToEmbossTest[4]" classname="AccountTest" time="0.002"/>
  <testcase name="checkNameToEmbossTest[5]" classname="AccountTest" time="0.002"/>
  <testcase name="checkNameToEmbossTest[6]" classname="AccountTest" time="0.002"/>
  <testcase name="checkNameToEmbossTest[7]" classname="AccountTest" time="0.002"/>
  <testcase name="checkNameToEmbossTest[8]" classname="AccountTest" time="0.001"/>
  <testcase name="checkNameToEmbossTest[9]" classname="AccountTest" time="0.002"/>
  <testcase name="checkNameToEmbossTest[10]" classname="AccountTest" time="0.002"/>
  <testcase name="checkNameToEmbossTest[11]" classname="AccountTest" time="0.001"/>
  <testcase name="checkNameToEmbossTest[12]" classname="AccountTest" time="0.001"/>
  <testcase name="checkNameToEmbossTest[13]" classname="AccountTest" time="0.001"/>
</testsuite>